#
# There is insufficient memory for the Java Runtime Environment to continue.
# Native memory allocation (malloc) failed to allocate 1205616 bytes for Chunk::new
# Possible reasons:
#   The system is out of physical RAM or swap space
#   The process is running with CompressedOops enabled, and the Java Heap may be blocking the growth of the native heap
# Possible solutions:
#   Reduce memory load on the system
#   Increase physical memory or swap space
#   Check if swap backing store is full
#   Decrease Java heap size (-Xmx/-Xms)
#   Decrease number of Java threads
#   Decrease Java thread stack sizes (-Xss)
#   Set larger code cache with -XX:ReservedCodeCacheSize=
#   JVM is running with Unscaled Compressed Oops mode in which the Java heap is
#     placed in the first 4GB address space. The Java Heap base address is the
#     maximum limit for the native heap growth. Please use -XX:HeapBaseMinAddress
#     to set the Java Heap base and to place the Java Heap above 4GB virtual address.
# This output file may be truncated or incomplete.
#
#  Out of Memory Error (allocation.cpp:389), pid=12324, tid=0x00000000000033dc
#
# JRE version: OpenJDK Runtime Environment (8.0_202-b03) (build 1.8.0_202-release-1483-b03)
# Java VM: OpenJDK 64-Bit Server VM (25.202-b03 mixed mode windows-amd64 compressed oops)
# Failed to write core dump. Minidumps are not enabled by default on client versions of Windows
#

---------------  T H R E A D  ---------------

Current thread (0x000000001822c800):  JavaThread "C2 CompilerThread2" daemon [_thread_in_native, id=13276, stack(0x0000000018cf0000,0x0000000018df0000)]

Stack: [0x0000000018cf0000,0x0000000018df0000]
[error occurred during error reporting (printing stack bounds), id 0xc0000005]

Native frames: (J=compiled Java code, j=interpreted, Vv=VM code, C=native code)


Current CompileTask:
C2:   3254 1355       4       java.net.URLClassLoader$1::run (5 bytes)


---------------  P R O C E S S  ---------------

Java Threads: ( => current thread )
  0x0000000018237800 JavaThread "Cache worker for journal cache (C:\Users\binha\.gradle\caches\journal-1)" [_thread_blocked, id=10880, stack(0x000000001be40000,0x000000001bf40000)]
  0x0000000018234800 JavaThread "File lock request listener" [_thread_in_native, id=13060, stack(0x000000001bd40000,0x000000001be40000)]
  0x000000001a574000 JavaThread "Cache worker for file hash cache (C:\Users\binha\.gradle\caches\5.4.1\fileHashes)" [_thread_blocked, id=11980, stack(0x000000001bc40000,0x000000001bd40000)]
  0x000000001a107800 JavaThread "Thread-9" [_thread_blocked, id=10784, stack(0x000000001bb40000,0x000000001bc40000)]
  0x000000001a105000 JavaThread "Stdin handler" [_thread_blocked, id=9552, stack(0x000000001ba40000,0x000000001bb40000)]
  0x000000001a104000 JavaThread "Asynchronous log dispatcher for DefaultDaemonConnection: socket connection from /127.0.0.1:3668 to /127.0.0.1:3669" [_thread_blocked, id=11376, stack(0x000000001b840000,0x000000001b940000)]
  0x00000000192c4000 JavaThread "Daemon worker" [_thread_in_native, id=13032, stack(0x000000001b740000,0x000000001b840000)]
  0x00000000192c3800 JavaThread "Cancel handler" [_thread_blocked, id=11716, stack(0x000000001b640000,0x000000001b740000)]
  0x0000000019b95000 JavaThread "Handler for socket connection from /127.0.0.1:3668 to /127.0.0.1:3669" [_thread_in_native, id=9840, stack(0x000000001b340000,0x000000001b440000)]
  0x0000000019b9a000 JavaThread "Daemon" [_thread_blocked, id=1532, stack(0x000000001b240000,0x000000001b340000)]
  0x00000000191c0800 JavaThread "Daemon periodic checks" [_thread_blocked, id=2936, stack(0x000000001b140000,0x000000001b240000)]
  0x000000001933a800 JavaThread "Incoming local TCP Connector on port 3668" [_thread_in_native, id=3580, stack(0x000000001af00000,0x000000001b000000)]
  0x000000001a6f2000 JavaThread "Daemon health stats" [_thread_blocked, id=12472, stack(0x000000001a8c0000,0x000000001a9c0000)]
  0x00000000182c4800 JavaThread "Service Thread" daemon [_thread_blocked, id=11608, stack(0x0000000018ef0000,0x0000000018ff0000)]
  0x0000000018236000 JavaThread "C1 CompilerThread3" daemon [_thread_blocked, id=12088, stack(0x0000000018df0000,0x0000000018ef0000)]
=>0x000000001822c800 JavaThread "C2 CompilerThread2" daemon [_thread_in_native, id=13276, stack(0x0000000018cf0000,0x0000000018df0000)]
  0x000000001821f000 JavaThread "C2 CompilerThread1" daemon [_thread_in_native, id=8412, stack(0x0000000018bf0000,0x0000000018cf0000)]
  0x000000001821b800 JavaThread "C2 CompilerThread0" daemon [_thread_blocked, id=704, stack(0x0000000018af0000,0x0000000018bf0000)]
  0x0000000018218800 JavaThread "Attach Listener" daemon [_thread_blocked, id=8196, stack(0x00000000189f0000,0x0000000018af0000)]
  0x0000000018217000 JavaThread "Signal Dispatcher" daemon [_thread_blocked, id=7568, stack(0x00000000188f0000,0x00000000189f0000)]
  0x000000000265d800 JavaThread "Finalizer" daemon [_thread_blocked, id=12556, stack(0x00000000186f0000,0x00000000187f0000)]
  0x0000000002655000 JavaThread "Reference Handler" daemon [_thread_blocked, id=6532, stack(0x00000000185f0000,0x00000000186f0000)]
  0x0000000002562800 JavaThread "main" [_thread_blocked, id=10272, stack(0x00000000023b0000,0x00000000024b0000)]

Other Threads:
  0x0000000016416800 VMThread [stack: 0x00000000180f0000,0x00000000181f0000] [id=1592]
  0x00000000182c5800 WatcherThread [stack: 0x0000000018ff0000,0x00000000190f0000] [id=10524]

VM state:not at safepoint (normal execution)

VM Mutex/Monitor currently owned by a thread:  ([mutex/lock_event])
[0x000000000255daa0] Patching_lock - owner thread: 0x0000000000000000

heap address: 0x00000000a0000000, size: 1536 MB, Compressed Oops mode: 32-bit
Narrow klass base: 0x0000000000000000, Narrow klass shift: 3
Compressed class space size: 1073741824 Address: 0x0000000100000000

Heap:
 PSYoungGen      total 71680K, used 54539K [0x00000000e0000000, 0x00000000e4b00000, 0x0000000100000000)
  eden space 66560K, 75% used [0x00000000e0000000,0x00000000e30d9a98,0x00000000e4100000)
  from space 5120K, 88% used [0x00000000e4600000,0x00000000e4a693b8,0x00000000e4b00000)
  to   space 5120K, 0% used [0x00000000e4100000,0x00000000e4100000,0x00000000e4600000)
 ParOldGen       total 87552K, used 16K [0x00000000a0000000, 0x00000000a5580000, 0x00000000e0000000)
  object space 87552K, 0% used [0x00000000a0000000,0x00000000a0004000,0x00000000a5580000)
 Metaspace       used 14310K, capacity 14678K, committed 14976K, reserved 1064960K
  class space    used 2012K, capacity 2117K, committed 2176K, reserved 1048576K

Card table byte_map: [0x0000000011a20000,0x0000000011d30000] byte_map_base: 0x0000000011520000

Marking Bits: (ParMarkBitMap*) 0x0000000075f69f30
 Begin Bits: [0x0000000012730000, 0x0000000013f30000)
 End Bits:   [0x0000000013f30000, 0x0000000015730000)

Polling page: 0x00000000024b0000

CodeCache: size=245760Kb used=4812Kb max_used=4823Kb free=240947Kb
 bounds [0x0000000002660000, 0x0000000002b20000, 0x0000000011660000]
 total_blobs=1751 nmethods=1370 adapters=294
 compilation: enabled

Compilation events (10 events):
Event: 3.247 Thread 0x0000000018236000 1369       1       sun.reflect.generics.tree.SimpleClassTypeSignature::getName (5 bytes)
Event: 3.247 Thread 0x0000000018236000 nmethod 1369 0x0000000002b0cd50 code [0x0000000002b0cea0, 0x0000000002b0cfb0]
Event: 3.247 Thread 0x0000000018236000 1370       1       sun.reflect.generics.tree.SimpleClassTypeSignature::getDollar (5 bytes)
Event: 3.247 Thread 0x0000000018236000 nmethod 1370 0x0000000002b0ca90 code [0x0000000002b0cbe0, 0x0000000002b0ccf0]
Event: 3.247 Thread 0x0000000018236000 1371       1       sun.reflect.generics.repository.AbstractRepository::getFactory (5 bytes)
Event: 3.247 Thread 0x0000000018236000 nmethod 1371 0x0000000002b0c7d0 code [0x0000000002b0c920, 0x0000000002b0ca30]
Event: 3.247 Thread 0x0000000018236000 1367       3       org.gradle.initialization.MixInLegacyTypesClassLoader::shouldTransform (42 bytes)
Event: 3.247 Thread 0x0000000018236000 nmethod 1367 0x0000000002b0bf90 code [0x0000000002b0c120, 0x0000000002b0c578]
Event: 3.250 Thread 0x0000000018236000 1372       3       java.util.ArrayList::toArray (60 bytes)
Event: 3.250 Thread 0x0000000018236000 nmethod 1372 0x0000000002b14650 code [0x0000000002b147e0, 0x0000000002b14d98]

GC Heap History (4 events):
Event: 0.736 GC heap before
{Heap before GC invocations=1 (full 0):
 PSYoungGen      total 38400K, used 33280K [0x00000000e0000000, 0x00000000e2a80000, 0x0000000100000000)
  eden space 33280K, 100% used [0x00000000e0000000,0x00000000e2080000,0x00000000e2080000)
  from space 5120K, 0% used [0x00000000e2580000,0x00000000e2580000,0x00000000e2a80000)
  to   space 5120K, 0% used [0x00000000e2080000,0x00000000e2080000,0x00000000e2580000)
 ParOldGen       total 87552K, used 0K [0x00000000a0000000, 0x00000000a5580000, 0x00000000e0000000)
  object space 87552K, 0% used [0x00000000a0000000,0x00000000a0000000,0x00000000a5580000)
 Metaspace       used 6638K, capacity 6784K, committed 7040K, reserved 1056768K
  class space    used 811K, capacity 844K, committed 896K, reserved 1048576K
Event: 0.758 GC heap after
Heap after GC invocations=1 (full 0):
 PSYoungGen      total 38400K, used 4282K [0x00000000e0000000, 0x00000000e4b00000, 0x0000000100000000)
  eden space 33280K, 0% used [0x00000000e0000000,0x00000000e0000000,0x00000000e2080000)
  from space 5120K, 83% used [0x00000000e2080000,0x00000000e24ae800,0x00000000e2580000)
  to   space 5120K, 0% used [0x00000000e4600000,0x00000000e4600000,0x00000000e4b00000)
 ParOldGen       total 87552K, used 8K [0x00000000a0000000, 0x00000000a5580000, 0x00000000e0000000)
  object space 87552K, 0% used [0x00000000a0000000,0x00000000a0002000,0x00000000a5580000)
 Metaspace       used 6638K, capacity 6784K, committed 7040K, reserved 1056768K
  class space    used 811K, capacity 844K, committed 896K, reserved 1048576K
}
Event: 1.353 GC heap before
{Heap before GC invocations=2 (full 0):
 PSYoungGen      total 38400K, used 37562K [0x00000000e0000000, 0x00000000e4b00000, 0x0000000100000000)
  eden space 33280K, 100% used [0x00000000e0000000,0x00000000e2080000,0x00000000e2080000)
  from space 5120K, 83% used [0x00000000e2080000,0x00000000e24ae800,0x00000000e2580000)
  to   space 5120K, 0% used [0x00000000e4600000,0x00000000e4600000,0x00000000e4b00000)
 ParOldGen       total 87552K, used 8K [0x00000000a0000000, 0x00000000a5580000, 0x00000000e0000000)
  object space 87552K, 0% used [0x00000000a0000000,0x00000000a0002000,0x00000000a5580000)
 Metaspace       used 8940K, capacity 9188K, committed 9216K, reserved 1056768K
  class space    used 1171K, capacity 1258K, committed 1280K, reserved 1048576K
Event: 1.357 GC heap after
Heap after GC invocations=2 (full 0):
 PSYoungGen      total 71680K, used 4516K [0x00000000e0000000, 0x00000000e4b00000, 0x0000000100000000)
  eden space 66560K, 0% used [0x00000000e0000000,0x00000000e0000000,0x00000000e4100000)
  from space 5120K, 88% used [0x00000000e4600000,0x00000000e4a693b8,0x00000000e4b00000)
  to   space 5120K, 0% used [0x00000000e4100000,0x00000000e4100000,0x00000000e4600000)
 ParOldGen       total 87552K, used 16K [0x00000000a0000000, 0x00000000a5580000, 0x00000000e0000000)
  object space 87552K, 0% used [0x00000000a0000000,0x00000000a0004000,0x00000000a5580000)
 Metaspace       used 8940K, capacity 9188K, committed 9216K, reserved 1056768K
  class space    used 1171K, capacity 1258K, committed 1280K, reserved 1048576K
}

Deoptimization events (10 events):
Event: 2.262 Thread 0x00000000192c4000 Uncommon trap: reason=bimorphic action=maybe_recompile pc=0x00000000028fbd64 method=java.util.HashMap.putVal(ILjava/lang/Object;Ljava/lang/Object;ZZ)Ljava/lang/Object; @ 253
Event: 2.262 Thread 0x00000000192c4000 Uncommon trap: reason=class_check action=maybe_recompile pc=0x00000000028fc274 method=java.util.HashMap.putVal(ILjava/lang/Object;Ljava/lang/Object;ZZ)Ljava/lang/Object; @ 203
Event: 2.262 Thread 0x00000000192c4000 Uncommon trap: reason=class_check action=maybe_recompile pc=0x00000000028fc274 method=java.util.HashMap.putVal(ILjava/lang/Object;Ljava/lang/Object;ZZ)Ljava/lang/Object; @ 203
Event: 2.262 Thread 0x00000000192c4000 Uncommon trap: reason=bimorphic action=maybe_recompile pc=0x00000000028fbd64 method=java.util.HashMap.putVal(ILjava/lang/Object;Ljava/lang/Object;ZZ)Ljava/lang/Object; @ 253
Event: 2.262 Thread 0x00000000192c4000 Uncommon trap: reason=bimorphic action=maybe_recompile pc=0x00000000028fbd64 method=java.util.HashMap.putVal(ILjava/lang/Object;Ljava/lang/Object;ZZ)Ljava/lang/Object; @ 253
Event: 2.262 Thread 0x00000000192c4000 Uncommon trap: reason=bimorphic action=maybe_recompile pc=0x00000000028f724c method=java.util.HashMap.putVal(ILjava/lang/Object;Ljava/lang/Object;ZZ)Ljava/lang/Object; @ 253
Event: 2.962 Thread 0x00000000192c4000 Uncommon trap: reason=class_check action=maybe_recompile pc=0x0000000002933018 method=java.util.regex.Matcher.match(II)Z @ 86
Event: 2.977 Thread 0x00000000192c4000 Uncommon trap: reason=class_check action=maybe_recompile pc=0x0000000002933018 method=java.util.regex.Matcher.match(II)Z @ 86
Event: 2.977 Thread 0x00000000192c4000 Uncommon trap: reason=class_check action=maybe_recompile pc=0x0000000002933018 method=java.util.regex.Matcher.match(II)Z @ 86
Event: 2.977 Thread 0x00000000192c4000 Uncommon trap: reason=class_check action=maybe_recompile pc=0x00000000028f27dc method=java.util.regex.Matcher.match(II)Z @ 86

Classes redefined (0 events):
No events

Internal exceptions (10 events):
Event: 1.342 Thread 0x0000000002562800 Exception <a 'java/lang/NoSuchFieldError': method resolution failed> (0x00000000e201bbb0) thrown at [D:\src\AOSP-openjdk-cygwin\jdk8u\hotspot\src\share\vm\prims\methodHandles.cpp, line 1167]
Event: 1.344 Thread 0x0000000002562800 Exception <a 'java/lang/NoSuchFieldError': method resolution failed> (0x00000000e2029890) thrown at [D:\src\AOSP-openjdk-cygwin\jdk8u\hotspot\src\share\vm\prims\methodHandles.cpp, line 1167]
Event: 2.128 Thread 0x0000000002562800 Exception <a 'java/io/IOException'> (0x00000000e07cbb70) thrown at [D:\src\AOSP-openjdk-cygwin\jdk8u\hotspot\src\share\vm\prims\jni.cpp, line 710]
Event: 2.191 Thread 0x0000000019b95000 Exception <a 'java/lang/NoSuchMethodError': <clinit>> (0x00000000e0ae6a60) thrown at [D:\src\AOSP-openjdk-cygwin\jdk8u\hotspot\src\share\vm\prims\jni.cpp, line 1614]
Event: 2.193 Thread 0x0000000019b95000 Exception <a 'java/lang/NoSuchMethodError': <clinit>> (0x00000000e0af0810) thrown at [D:\src\AOSP-openjdk-cygwin\jdk8u\hotspot\src\share\vm\prims\jni.cpp, line 1614]
Event: 2.194 Thread 0x0000000019b95000 Exception <a 'java/lang/NoSuchMethodError': <clinit>> (0x00000000e0b049c0) thrown at [D:\src\AOSP-openjdk-cygwin\jdk8u\hotspot\src\share\vm\prims\jni.cpp, line 1614]
Event: 2.204 Thread 0x0000000019b95000 Exception <a 'java/lang/NoSuchMethodError': <clinit>> (0x00000000e0b5f8c0) thrown at [D:\src\AOSP-openjdk-cygwin\jdk8u\hotspot\src\share\vm\prims\jni.cpp, line 1614]
Event: 2.211 Thread 0x0000000019b95000 Exception <a 'java/lang/NoSuchMethodError': <clinit>> (0x00000000e0b97540) thrown at [D:\src\AOSP-openjdk-cygwin\jdk8u\hotspot\src\share\vm\prims\jni.cpp, line 1614]
Event: 2.216 Thread 0x0000000019b95000 Exception <a 'java/lang/NoSuchMethodError': <clinit>> (0x00000000e0bcd588) thrown at [D:\src\AOSP-openjdk-cygwin\jdk8u\hotspot\src\share\vm\prims\jni.cpp, line 1614]
Event: 2.217 Thread 0x0000000019b95000 Exception <a 'java/lang/NoSuchMethodError': <clinit>> (0x00000000e0bd9000) thrown at [D:\src\AOSP-openjdk-cygwin\jdk8u\hotspot\src\share\vm\prims\jni.cpp, line 1614]

Events (10 events):
Event: 3.252 loading class org/gradle/internal/authentication/DefaultBasicAuthentication
Event: 3.252 loading class org/gradle/internal/authentication/DefaultBasicAuthentication done
Event: 3.252 loading class org/gradle/internal/authentication/AbstractAuthentication
Event: 3.252 loading class org/gradle/internal/authentication/AbstractAuthentication done
Event: 3.252 loading class org/gradle/internal/authentication/AuthenticationInternal
Event: 3.252 loading class org/gradle/internal/authentication/AuthenticationInternal done
Event: 3.252 loading class org/gradle/authentication/http/DigestAuthentication
Event: 3.252 loading class org/gradle/authentication/http/DigestAuthentication done
Event: 3.253 loading class org/gradle/internal/authentication/DefaultDigestAuthentication
Event: 3.253 loading class org/gradle/internal/authentication/DefaultDigestAuthentication done


Dynamic libraries:
0x00007ff7a11c0000 - 0x00007ff7a11f1000 	C:\Program Files\Android\Android Studio\jre\bin\java.exe
0x00007ffe5a420000 - 0x00007ffe5a610000 	C:\WINDOWS\SYSTEM32\ntdll.dll
0x00007ffe5a180000 - 0x00007ffe5a232000 	C:\WINDOWS\System32\KERNEL32.DLL
0x00007ffe58040000 - 0x00007ffe582e3000 	C:\WINDOWS\System32\KERNELBASE.dll
0x00007ffe5a0d0000 - 0x00007ffe5a173000 	C:\WINDOWS\System32\ADVAPI32.dll
0x00007ffe590c0000 - 0x00007ffe5915e000 	C:\WINDOWS\System32\msvcrt.dll
0x00007ffe59cc0000 - 0x00007ffe59d57000 	C:\WINDOWS\System32\sechost.dll
0x00007ffe589d0000 - 0x00007ffe58af0000 	C:\WINDOWS\System32\RPCRT4.dll
0x00007ffe58f00000 - 0x00007ffe59094000 	C:\WINDOWS\System32\USER32.dll
0x00007ffe57bd0000 - 0x00007ffe57bf1000 	C:\WINDOWS\System32\win32u.dll
0x00007ffe58ed0000 - 0x00007ffe58ef6000 	C:\WINDOWS\System32\GDI32.dll
0x00007ffe57c00000 - 0x00007ffe57d94000 	C:\WINDOWS\System32\gdi32full.dll
0x00007ffe57b30000 - 0x00007ffe57bce000 	C:\WINDOWS\System32\msvcp_win.dll
0x00007ffe57f40000 - 0x00007ffe5803a000 	C:\WINDOWS\System32\ucrtbase.dll
0x00007ffe3ad20000 - 0x00007ffe3afa5000 	C:\WINDOWS\WinSxS\amd64_microsoft.windows.common-controls_6595b64144ccf1df_6.0.18362.418_none_e6c6b287130d565d\COMCTL32.dll
0x00007ffe58af0000 - 0x00007ffe58e26000 	C:\WINDOWS\System32\combase.dll
0x00007ffe58370000 - 0x00007ffe583f0000 	C:\WINDOWS\System32\bcryptPrimitives.dll
0x00007ffe58ea0000 - 0x00007ffe58ece000 	C:\WINDOWS\System32\IMM32.DLL
0x0000000076700000 - 0x00000000767d2000 	C:\Program Files\Android\Android Studio\jre\jre\bin\msvcr100.dll
0x00000000757a0000 - 0x0000000075fe6000 	C:\Program Files\Android\Android Studio\jre\jre\bin\server\jvm.dll
0x00007ffe590a0000 - 0x00007ffe590a8000 	C:\WINDOWS\System32\PSAPI.DLL
0x00007ffe4bd90000 - 0x00007ffe4bd9a000 	C:\WINDOWS\SYSTEM32\VERSION.dll
0x00007ffe51a30000 - 0x00007ffe51a54000 	C:\WINDOWS\SYSTEM32\WINMM.dll
0x00007ffe4fe60000 - 0x00007ffe4fe69000 	C:\WINDOWS\SYSTEM32\WSOCK32.dll
0x00007ffe58810000 - 0x00007ffe5887f000 	C:\WINDOWS\System32\WS2_32.dll
0x00007ffe51a00000 - 0x00007ffe51a2d000 	C:\WINDOWS\SYSTEM32\winmmbase.dll
0x00007ffe57ef0000 - 0x00007ffe57f3a000 	C:\WINDOWS\System32\cfgmgr32.dll
0x00007ffe4fe70000 - 0x00007ffe4fe7f000 	C:\Program Files\Android\Android Studio\jre\jre\bin\verify.dll
0x00007ffe4b7e0000 - 0x00007ffe4b809000 	C:\Program Files\Android\Android Studio\jre\jre\bin\java.dll
0x00007ffe328b0000 - 0x00007ffe328c6000 	C:\Program Files\Android\Android Studio\jre\jre\bin\zip.dll
0x00007ffe595d0000 - 0x00007ffe59cb5000 	C:\WINDOWS\System32\SHELL32.dll
0x00007ffe59d60000 - 0x00007ffe59e09000 	C:\WINDOWS\System32\shcore.dll
0x00007ffe573b0000 - 0x00007ffe57b2f000 	C:\WINDOWS\System32\windows.storage.dll
0x00007ffe57390000 - 0x00007ffe573af000 	C:\WINDOWS\System32\profapi.dll
0x00007ffe57320000 - 0x00007ffe5736a000 	C:\WINDOWS\System32\powrprof.dll
0x00007ffe572f0000 - 0x00007ffe57300000 	C:\WINDOWS\System32\UMPDC.dll
0x00007ffe5a070000 - 0x00007ffe5a0c2000 	C:\WINDOWS\System32\shlwapi.dll
0x00007ffe57370000 - 0x00007ffe57381000 	C:\WINDOWS\System32\kernel.appcore.dll
0x00007ffe582f0000 - 0x00007ffe58307000 	C:\WINDOWS\System32\cryptsp.dll
0x00007ffe2bf60000 - 0x00007ffe2bf7a000 	C:\Program Files\Android\Android Studio\jre\jre\bin\net.dll
0x00007ffe56b00000 - 0x00007ffe56b67000 	C:\WINDOWS\system32\mswsock.dll
0x00007ffe2a1d0000 - 0x00007ffe2a1e1000 	C:\Program Files\Android\Android Studio\jre\jre\bin\nio.dll
0x00007ffe3a5f0000 - 0x00007ffe3a616000 	C:\Users\binha\.gradle\native\29\windows-amd64\native-platform.dll
0x00007ffe3a290000 - 0x00007ffe3a29d000 	C:\Program Files\Android\Android Studio\jre\jre\bin\management.dll
0x00007ffe56670000 - 0x00007ffe566a3000 	C:\WINDOWS\system32\rsaenh.dll
0x00007ffe584a0000 - 0x00007ffe584c6000 	C:\WINDOWS\System32\bcrypt.dll
0x00007ffe571e0000 - 0x00007ffe57205000 	C:\WINDOWS\SYSTEM32\USERENV.dll
0x00007ffe56cd0000 - 0x00007ffe56cdc000 	C:\WINDOWS\SYSTEM32\CRYPTBASE.dll
0x00007ffe56810000 - 0x00007ffe5684a000 	C:\WINDOWS\SYSTEM32\IPHLPAPI.DLL
0x00007ffe590b0000 - 0x00007ffe590b8000 	C:\WINDOWS\System32\NSI.dll
0x00007ffe4e780000 - 0x00007ffe4e796000 	C:\WINDOWS\SYSTEM32\dhcpcsvc6.DLL
0x00007ffe4e760000 - 0x00007ffe4e77c000 	C:\WINDOWS\SYSTEM32\dhcpcsvc.DLL
0x00007ffe56850000 - 0x00007ffe5691a000 	C:\WINDOWS\SYSTEM32\DNSAPI.dll

VM Arguments:
jvm_args: -Xmx1536m -Dfile.encoding=windows-1252 -Duser.country=US -Duser.language=en -Duser.variant 
java_command: org.gradle.launcher.daemon.bootstrap.GradleDaemon 5.4.1
java_class_path (initial): C:\Users\binha\.gradle\wrapper\dists\gradle-5.4.1-all\3221gyojl5jsh0helicew7rwx\gradle-5.4.1\lib\gradle-launcher-5.4.1.jar
Launcher Type: SUN_STANDARD

Environment Variables:
JAVA_HOME=C:\Program Files\Java\jdk1.8.0_211
PATH=C:\Program Files\Microsoft MPI\Bin\;C:\Program Files (x86)\Common Files\Intel\Shared Libraries\redist\intel64\compiler;C:\Program Files (x86)\Common Files\Oracle\Java\javapath;D:\Oracle\bin;C:\WINDOWS\system32;C:\WINDOWS;C:\WINDOWS\System32\Wbem;C:\WINDOWS\System32\WindowsPowerShell\v1.0\;C:\WINDOWS\System32\OpenSSH\;C:\Program Files\dotnet\;C:\Program Files (x86)\NVIDIA Corporation\PhysX\Common;C:\Users\binha\.dnx\bin;C:\Program Files\Microsoft DNX\Dnvm\;C:\Program Files\NVIDIA Corporation\NVIDIA NvDLISR;C:\Program Files\nodejs\;C:\WINDOWS\system32;C:\WINDOWS;C:\WINDOWS\System32\Wbem;C:\WINDOWS\System32\WindowsPowerShell\v1.0\;C:\WINDOWS\System32\OpenSSH\;C:\Program Files (x86)\Microsoft SQL Server\110\DTS\Binn\;C:\Program Files (x86)\Microsoft SQL Server\120\DTS\Binn\;C:\Program Files (x86)\Microsoft SQL Server\130\DTS\Binn\;C:\Program Files (x86)\Microsoft SQL Server\140\DTS\Binn\;C:\Program Files (x86)\Microsoft SQL Server\130\Tools\Binn\;C:\Program Files\Microsoft SQL Server\130\Tools\Binn\;C:\Program Files\Microsoft SQL Server\130\DTS\Binn\;C:\Program Files\Microsoft SQL Server\Client SDK\ODBC\130\Tools\Binn\;C:\Program Files (x86)\Microsoft SQL Server\150\DTS\Binn\;C:\Program Files (x86)\Gow\bin;C:\Program Files\Java\jdk1.8.0_211\bin;C:\Program Files\Java\jre1.8.0_211\bin;D:\spark\spark-2.4.4-bin-hadoop2.7\bin;C:\Users\binha\AppData\Local\Programs\Python\Python37-32;C:\Users\binha\AppData\Local\Programs\Python\Python37-32;C:\Users\binha\AppData\Local\Programs\Python\Python37-32\Scripts;D:\Anaconda;D:\Anaconda\Library\mingw-w64\bin;D:\Anaconda\Library\usr\bin;D:\Anaconda\Library\bin;D:\Anaconda\Scripts;C:\Users\binha\AppData\Local\Programs\Python\Python37-32\Scripts\;C:\Users\binha\AppData\Local\Programs\Python\Python37-32\;C:\Users\binha\AppData\Local\Microsoft\WindowsApps;C:\Users\binha\AppData\Local\Programs\Microsoft VS Code\bin;C:\Program Files\JetBrains\PyCharm Community Edition 2019.2.3\bin;;C:\Users\binha\AppData\Roaming\npm;
USERNAME=binha
OS=Windows_NT
PROCESSOR_IDENTIFIER=Intel64 Family 6 Model 142 Stepping 10, GenuineIntel



---------------  S Y S T E M  ---------------

OS: Windows 10.0 , 64 bit Build 18362 (10.0.18362.329)

CPU:total 8 (initial active 8) (4 cores per cpu, 2 threads per core) family 6 model 142 stepping 10, cmov, cx8, fxsr, mmx, sse, sse2, sse3, ssse3, sse4.1, sse4.2, popcnt, avx, avx2, aes, clmul, erms, 3dnowpref, lzcnt, ht, tsc, tscinvbit, bmi1, bmi2, adx

Memory: 4k page, physical 8268388k(2130120k free), swap 12462692k(5060k free)

vm_info: OpenJDK 64-Bit Server VM (25.202-b03) for windows-amd64 JRE (1.8.0_202-release-1483-b03), built by "builder" with MS VC++ 10.0 (VS2010)

time: Wed Oct 16 15:21:28 2019
timezone: SE Asia Standard Time
elapsed time: 3 seconds (0d 0h 0m 3s)

